<?xml version="1.0" encoding="UTF-8"?>
<!-- Generated by org.testng.reporters.JUnitXMLReporter -->
<testsuite ignored="0" hostname="LAPTOP-MU36A4M1" failures="0" tests="3" name="Test" time="54.964" errors="0" timestamp="12 Nov 2021 17:03:25 GMT">
  <testcase classname="tests.Uploadtest" name="useruploadtest" time="3.656"/>
  <testcase classname="tests.Dynammicloadingtest" name="userdynamicloadingtest" time="6.542"/>
  <testcase classname="tests.Searchtest" name="usersearchtest" time="4.22"/>
</testsuite> <!-- Test -->
